2023-07-07 15:19:43,855 INFO  [Log] **************************************************************************************** 
2023-07-07 15:19:43,856 INFO  [Log] **************************************************************************************** 
2023-07-07 15:19:43,868 INFO  [Log] $$$$$$$$$$$$$$$$$$$$$                        $$$$$$$$$$$$$$$$$$$$$$$$$ 
2023-07-07 15:19:43,869 INFO  [Log] **************************************************************************************** 
2023-07-07 15:19:43,869 INFO  [Log] **************************************************************************************** 
2023-07-07 15:26:17,904 INFO  [Log] **************************************************************************************** 
2023-07-07 15:26:17,905 INFO  [Log] **************************************************************************************** 
2023-07-07 15:26:17,909 INFO  [Log] $$$$$$$$$$$$$$$$$$$$$                        $$$$$$$$$$$$$$$$$$$$$$$$$ 
2023-07-07 15:26:17,909 INFO  [Log] **************************************************************************************** 
2023-07-07 15:26:17,909 INFO  [Log] **************************************************************************************** 
2023-07-07 15:28:19,087 INFO  [Log] **************************************************************************************** 
2023-07-07 15:28:19,088 INFO  [Log] **************************************************************************************** 
2023-07-07 15:28:19,093 INFO  [Log] $$$$$$$$$$$$$$$$$$$$$                        $$$$$$$$$$$$$$$$$$$$$$$$$ 
2023-07-07 15:28:19,093 INFO  [Log] **************************************************************************************** 
2023-07-07 15:28:19,093 INFO  [Log] **************************************************************************************** 
2023-07-07 15:33:30,322 INFO  [Log] **************************************************************************************** 
2023-07-07 15:33:30,323 INFO  [Log] **************************************************************************************** 
2023-07-07 15:33:30,326 INFO  [Log] $$$$$$$$$$$$$$$$$$$$$                 Batch16 scripts       $$$$$$$$$$$$$$$$$$$$$$$$$ 
2023-07-07 15:33:30,326 INFO  [Log] **************************************************************************************** 
2023-07-07 15:33:30,326 INFO  [Log] **************************************************************************************** 
2023-07-07 15:33:30,778 INFO  [Log] username is correct 
2023-07-07 15:33:31,000 INFO  [Log] password is correct 
2023-07-07 15:36:37,993 INFO  [Log] **************************************************************************************** 
2023-07-07 15:36:37,993 INFO  [Log] **************************************************************************************** 
2023-07-07 15:36:37,995 INFO  [Log] $$$$$$$$$$$$$$$$$$$$$                 Batch16 scripts       $$$$$$$$$$$$$$$$$$$$$$$$$ 
2023-07-07 15:36:37,995 INFO  [Log] **************************************************************************************** 
2023-07-07 15:36:37,995 INFO  [Log] **************************************************************************************** 
2023-07-07 15:36:38,098 INFO  [Log] username is correct 
2023-07-07 15:36:38,166 INFO  [Log] password is correct 
2023-07-07 15:41:01,343 INFO  [Log] **************************************************************************************** 
2023-07-07 15:41:01,343 INFO  [Log] **************************************************************************************** 
2023-07-07 15:41:01,345 INFO  [Log] $$$$$$$$$$$$$$$$$$$$$                 Batch16 scripts       $$$$$$$$$$$$$$$$$$$$$$$$$ 
2023-07-07 15:41:01,345 INFO  [Log] **************************************************************************************** 
2023-07-07 15:41:01,345 INFO  [Log] **************************************************************************************** 
2023-07-07 15:41:01,462 INFO  [Log] username is correct 
2023-07-07 15:41:01,547 INFO  [Log] password is correct 
2023-07-07 15:45:02,647 INFO  [Log] **************************************************************************************** 
2023-07-07 15:45:02,647 INFO  [Log] **************************************************************************************** 
2023-07-07 15:45:02,650 INFO  [Log] $$$$$$$$$$$$$$$$$$$$$                 Batch16 scripts       $$$$$$$$$$$$$$$$$$$$$$$$$ 
2023-07-07 15:45:02,650 INFO  [Log] **************************************************************************************** 
2023-07-07 15:45:02,650 INFO  [Log] **************************************************************************************** 
2023-07-07 15:45:02,893 INFO  [Log] username is correct 
2023-07-07 15:45:03,102 INFO  [Log] password is correct 
2023-07-07 15:46:54,017 INFO  [Log] **************************************************************************************** 
2023-07-07 15:46:54,017 INFO  [Log] **************************************************************************************** 
2023-07-07 15:46:54,018 INFO  [Log] $$$$$$$$$$$$$$$$$$$$$                 Batch16 scripts       $$$$$$$$$$$$$$$$$$$$$$$$$ 
2023-07-07 15:46:54,018 INFO  [Log] **************************************************************************************** 
2023-07-07 15:46:54,018 INFO  [Log] **************************************************************************************** 
2023-07-07 15:46:54,114 INFO  [Log] username is correct 
2023-07-07 15:46:54,181 INFO  [Log] password is correct 
2023-07-07 15:50:35,723 INFO  [Log] **************************************************************************************** 
2023-07-07 15:50:35,724 INFO  [Log] **************************************************************************************** 
2023-07-07 15:50:35,725 INFO  [Log] $$$$$$$$$$$$$$$$$$$$$                 Batch16 scripts       $$$$$$$$$$$$$$$$$$$$$$$$$ 
2023-07-07 15:50:35,725 INFO  [Log] **************************************************************************************** 
2023-07-07 15:50:35,725 INFO  [Log] **************************************************************************************** 
2023-07-07 15:50:35,852 INFO  [Log] username is correct 
2023-07-07 15:50:35,925 INFO  [Log] password is correct 
2023-07-07 15:54:05,863 INFO  [Log] **************************************************************************************** 
2023-07-07 15:54:05,864 INFO  [Log] **************************************************************************************** 
2023-07-07 15:54:05,865 INFO  [Log] $$$$$$$$$$$$$$$$$$$$$                 Batch16 scripts       $$$$$$$$$$$$$$$$$$$$$$$$$ 
2023-07-07 15:54:05,865 INFO  [Log] **************************************************************************************** 
2023-07-07 15:54:05,865 INFO  [Log] **************************************************************************************** 
2023-07-07 15:54:05,964 INFO  [Log] username is correct 
2023-07-07 15:54:06,051 INFO  [Log] password is correct 
